2009/12/08 10:40:51 - > install.rb 
2009/12/08 10:51:52 - > install.rb 
2009/12/08 10:51:52 - install.rb [-h|--help] [-v|--version] [-d|--debug] [-l|--list] [-e|--detailedlist] [-i|--install <Component> [-f|--force] -- <AdditionalParameters>]
    -h, --help                       Display help on this script.
    -i, --install <Component>        <Component>: Any value returned by the --list output.
                                     Install a given component.
    -f, --force                      Force installation of components even if they were already installed.
    -d, --debug                      Execute the installer in debug mode (more verbose).
    -l, --list                       Give a list of all components in this distribution.
    -e, --detailedlist               Give a list with details of all components in this distribution.
    -v, --version                    Get version of this WEACE Toolkit release.
        --                           Following -- are the parameters specific to the installation of a given component (check each component's options with --list).

2009/12/08 10:52:50 - > install.rb 
2009/12/08 10:52:50 - install.rb [-h|--help] [-v|--version] [-d|--debug] [-l|--list] [-e|--detailedlist] [-i|--install <Component> [-f|--force] -- <AdditionalParameters>]
    -h, --help                       Display help on this script.
    -i, --install <Component>        <Component>: Any value returned by the --list output.
                                     Install a given component.
    -f, --force                      Force installation of components even if they were already installed.
    -d, --debug                      Execute the installer in debug mode (more verbose).
    -l, --list                       Give a list of all components in this distribution.
    -e, --detailedlist               Give a list with details of all components in this distribution.
    -v, --version                    Get version of this WEACE Toolkit release.
        --                           Following -- are the parameters specific to the installation of a given component (check each component's options with --list).

2009/12/08 10:57:18 - > install.rb 
2009/12/08 10:57:18 - install.rb [-h|--help] [-v|--version] [-d|--debug] [-l|--list] [-e|--detailedlist] [-i|--install <Component> [-f|--force] -- <AdditionalParameters>]
    -h, --help                       Display help on this script.
    -i, --install <Component>        <Component>: Any value returned by the --list output.
                                     Install a given component.
    -f, --force                      Force installation of components even if they were already installed.
    -d, --debug                      Execute the installer in debug mode (more verbose).
    -l, --list                       Give a list of all components in this distribution.
    -e, --detailedlist               Give a list with details of all components in this distribution.
    -v, --version                    Get version of this WEACE Toolkit release.
        --                           Following -- are the parameters specific to the installation of a given component (check each component's options with --list).

2009/12/08 10:58:01 - > install.rb 
2009/12/08 11:01:32 - > install.rb 
2009/12/08 11:13:29 - > install.rb 
2009/12/08 11:13:29 - > install.rb 
2009/12/08 11:13:53 - > install.rb 
2009/12/08 11:13:53 - > install.rb 
2009/12/08 11:14:26 - > install.rb 
2009/12/08 11:14:27 - > install.rb 
2009/12/08 11:15:00 - > install.rb 
2009/12/08 11:15:01 - > install.rb 
2009/12/08 11:15:01 - > install.rb 
2009/12/08 11:15:23 - > install.rb 
2009/12/08 11:15:23 - > install.rb --unknown_parameter_for_test
2009/12/08 11:15:23 - > install.rb --version
2009/12/08 11:15:23 - Deactivated log debug
2009/12/08 11:16:00 - > install.rb --unknown_parameter_for_test
2009/12/08 11:16:20 - > install.rb --unknown_parameter_for_test
2009/12/08 11:16:25 - > install.rb 
2009/12/08 11:16:25 - > install.rb --unknown_parameter_for_test
2009/12/08 11:16:25 - > install.rb --version
2009/12/08 11:16:25 - Deactivated log debug
2009/12/08 11:18:56 - > install.rb --debug
2009/12/08 11:18:56 - Activated log debug
2009/12/08 11:18:56 - > install.rb -d
2009/12/08 11:18:56 - Activated log debug
2009/12/08 11:18:56 - > install.rb --help
2009/12/08 11:18:56 - Deactivated log debug
2009/12/08 11:18:56 - > install.rb -h
2009/12/08 11:18:56 - Deactivated log debug
2009/12/08 11:18:56 - > install.rb --list
2009/12/08 11:18:56 - Deactivated log debug
2009/12/08 11:18:57 - > install.rb -l
2009/12/08 11:18:57 - Deactivated log debug
2009/12/08 11:18:57 - > install.rb 
2009/12/08 11:18:57 - > install.rb --unknown_parameter_for_test
2009/12/08 11:18:57 - > install.rb --version
2009/12/08 11:18:57 - Deactivated log debug
2009/12/08 11:18:57 - > install.rb -v
2009/12/08 11:18:57 - Deactivated log debug
2009/12/08 11:22:19 - > install.rb --install
2009/12/08 11:24:59 - > install.rb --install
2009/12/08 11:25:21 - > install.rb --install
2009/12/08 11:25:47 - > install.rb --install
2009/12/08 11:26:04 - > install.rb --install
2009/12/08 11:26:09 - > install.rb --debug
2009/12/08 11:26:09 - Activated log debug
2009/12/08 11:26:10 - > install.rb -d
2009/12/08 11:26:10 - Activated log debug
2009/12/08 11:26:10 - > install.rb --detailedlist
2009/12/08 11:26:10 - Deactivated log debug
2009/12/08 11:26:10 - > install.rb -e
2009/12/08 11:26:10 - Deactivated log debug
2009/12/08 11:26:10 - > install.rb --help
2009/12/08 11:26:10 - Deactivated log debug
2009/12/08 11:26:11 - > install.rb -h
2009/12/08 11:26:11 - Deactivated log debug
2009/12/08 11:26:11 - > install.rb --install
2009/12/08 11:26:11 - > install.rb --list
2009/12/08 11:26:11 - Deactivated log debug
2009/12/08 11:26:11 - > install.rb -l
2009/12/08 11:26:11 - Deactivated log debug
2009/12/08 11:26:11 - > install.rb 
2009/12/08 11:26:11 - > install.rb --unknown_parameter_for_test
2009/12/08 11:26:12 - > install.rb --version
2009/12/08 11:26:12 - Deactivated log debug
2009/12/08 11:26:12 - > install.rb -v
2009/12/08 11:26:12 - Deactivated log debug
2009/12/08 11:27:16 - > install.rb --install UnknownComponentNameForTest
2009/12/08 11:27:16 - Deactivated log debug
2009/12/08 11:27:16 - === Install Component UnknownComponentNameForTest ([]) ...
2009/12/08 11:27:46 - > install.rb --install UnknownComponentNameForTest
2009/12/08 11:27:46 - Deactivated log debug
2009/12/08 11:27:46 - === Install Component UnknownComponentNameForTest ([]) ...
2009/12/08 11:30:55 - > install.rb 
2009/12/08 11:31:03 - > install.rb --install UnknownComponentNameForTest
2009/12/08 11:31:03 - Deactivated log debug
2009/12/08 11:31:03 - === Install Component UnknownComponentNameForTest ([]) ...
2009/12/08 11:32:03 - > install.rb --debug
2009/12/08 11:32:03 - Activated log debug
2009/12/08 11:32:03 - > install.rb -d
2009/12/08 11:32:03 - Activated log debug
2009/12/08 11:32:03 - > install.rb --detailedlist
2009/12/08 11:32:03 - Deactivated log debug
2009/12/08 11:32:03 - > install.rb -e
2009/12/08 11:32:03 - Deactivated log debug
2009/12/08 11:32:04 - > install.rb --help
2009/12/08 11:32:04 - Deactivated log debug
2009/12/08 11:32:04 - > install.rb -h
2009/12/08 11:32:04 - Deactivated log debug
2009/12/08 11:32:04 - > install.rb --install
2009/12/08 11:32:04 - > install.rb -i
2009/12/08 11:32:04 - > install.rb --install UnknownComponentNameForTest
2009/12/08 11:32:04 - Deactivated log debug
2009/12/08 11:32:04 - === Install Component UnknownComponentNameForTest ([]) ...
2009/12/08 11:32:05 - > install.rb --install UnknownComponentNameForTest --force
2009/12/08 11:32:05 - Deactivated log debug
2009/12/08 11:32:05 - === Install Component UnknownComponentNameForTest ([]) ...
2009/12/08 11:32:05 - > install.rb --install UnknownComponentNameForTest -f
2009/12/08 11:32:05 - Deactivated log debug
2009/12/08 11:32:05 - === Install Component UnknownComponentNameForTest ([]) ...
2009/12/08 11:32:05 - > install.rb --list
2009/12/08 11:32:05 - Deactivated log debug
2009/12/08 11:32:05 - > install.rb -l
2009/12/08 11:32:05 - Deactivated log debug
2009/12/08 11:32:05 - > install.rb 
2009/12/08 11:32:06 - > install.rb --unknown_parameter_for_test
2009/12/08 11:32:06 - > install.rb --version
2009/12/08 11:32:06 - Deactivated log debug
2009/12/08 11:32:06 - > install.rb -v
2009/12/08 11:32:06 - Deactivated log debug
2009/12/08 14:03:53 - > install.rb --debug
2009/12/08 14:03:53 - Activated log debug
2009/12/08 14:03:53 - > install.rb -d
2009/12/08 14:03:53 - Activated log debug
2009/12/08 14:03:53 - > install.rb --detailedlist
2009/12/08 14:03:53 - Deactivated log debug
2009/12/08 14:03:53 - > install.rb -e
2009/12/08 14:03:53 - Deactivated log debug
2009/12/08 14:03:54 - > install.rb --help
2009/12/08 14:03:54 - Deactivated log debug
2009/12/08 14:03:54 - > install.rb -h
2009/12/08 14:03:54 - Deactivated log debug
2009/12/08 14:03:54 - > install.rb --install
2009/12/08 14:03:54 - > install.rb -i
2009/12/08 14:03:55 - > install.rb --install UnknownComponentNameForTest
2009/12/08 14:03:55 - Deactivated log debug
2009/12/08 14:03:55 - === Install Component UnknownComponentNameForTest ([]) ...
2009/12/08 14:03:55 - > install.rb --install UnknownComponentNameForTest --force
2009/12/08 14:03:55 - Deactivated log debug
2009/12/08 14:03:55 - === Install Component UnknownComponentNameForTest ([]) ...
2009/12/08 14:03:55 - > install.rb --install UnknownComponentNameForTest -f
2009/12/08 14:03:55 - Deactivated log debug
2009/12/08 14:03:55 - === Install Component UnknownComponentNameForTest ([]) ...
2009/12/08 14:03:55 - > install.rb --list
2009/12/08 14:03:55 - Deactivated log debug
2009/12/08 14:03:56 - > install.rb -l
2009/12/08 14:03:56 - Deactivated log debug
2009/12/08 14:03:56 - > install.rb 
2009/12/08 14:03:56 - > install.rb --unknown_parameter_for_test
2009/12/08 14:03:57 - > install.rb --version
2009/12/08 14:03:57 - Deactivated log debug
2009/12/08 14:03:57 - > install.rb -v
2009/12/08 14:03:57 - Deactivated log debug
2009/12/08 14:16:16 - > install.rb --install UnknownComponentNameForTest
2009/12/08 14:16:16 - Deactivated log debug
2009/12/08 14:16:16 - === Install Component UnknownComponentNameForTest ([]) ...
2009/12/08 14:17:48 - > install.rb --install UnknownComponentNameForTest -d
2009/12/08 14:17:48 - Activated log debug
2009/12/08 14:17:48 - === Install Component UnknownComponentNameForTest ([]) ...
2009/12/08 14:18:33 - > install.rb -i Toto -d
2009/12/08 14:18:33 - Activated log debug
2009/12/08 14:18:33 - === Install Component Toto ([]) ...
2009/12/08 14:18:33 - An error occurred: Unknown component name Toto. Please use --list option to know installable components..
2009/12/08 14:19:38 - Activated log debug
2009/12/08 14:19:38 - > WEACEInstall.rb -i Toto -d
2009/12/08 14:19:38 - Install repository: F:/RR/Source/weacemethod/svn/weacemethod/WEACEToolkit/config/Install
2009/12/08 14:19:38 - Config repository: F:/RR/Source/weacemethod/svn/weacemethod/WEACEToolkit/config/Config
2009/12/08 14:19:38 - Library directory: F:/RR/Source/weacemethod/svn/weacemethod/WEACEToolkit
2009/12/08 14:19:38 - === Install Component Toto ([]) ...
2009/12/08 14:19:38 - An error occurred: Unknown component name Toto. Please use --list option to know installable components..
2009/12/08 14:22:53 - Activated log debug
2009/12/08 14:22:53 - > WEACEInstall.rb -i Toto -d
2009/12/08 14:22:54 - Install repository: F:/RR/Source/weacemethod/svn/weacemethod/WEACEToolkit/config/Install
2009/12/08 14:22:54 - Config repository: F:/RR/Source/weacemethod/svn/weacemethod/WEACEToolkit/config/Config
2009/12/08 14:22:54 - Library directory: ./lib/WEACEToolkit
2009/12/08 14:22:54 - === Install Component Toto ([]) ...
2009/12/08 14:22:54 - An error occurred: Unknown component name Toto. Please use --list option to know installable components..
2009/12/08 14:23:35 - Activated log debug
2009/12/08 14:23:35 - > WEACEInstall.rb -i Toto -d
2009/12/08 14:23:35 - Install repository: F:/RR/Source/weacemethod/svn/weacemethod/WEACEToolkit/config/Install
2009/12/08 14:23:35 - Config repository: F:/RR/Source/weacemethod/svn/weacemethod/WEACEToolkit/config/Config
2009/12/08 14:23:35 - Library directory: F:/RR/Source/weacemethod/svn/weacemethod/WEACEToolkit/lib/WEACEToolkit
2009/12/08 14:23:35 - === Install Component Toto ([]) ...
2009/12/08 14:23:35 - An error occurred: Unknown component name Toto. Please use --list option to know installable components..
2009/12/08 14:24:45 - Deactivated log debug
2009/12/08 14:24:45 - > WEACEInstall.rb -l
2009/12/08 14:24:45 - Install repository: F:/RR/Source/weacemethod/svn/weacemethod/WEACEToolkit/config/Install
2009/12/08 14:24:45 - Config repository: F:/RR/Source/weacemethod/svn/weacemethod/WEACEToolkit/config/Config
2009/12/08 14:24:45 - Library directory: F:/RR/Source/weacemethod/svn/weacemethod/WEACEToolkit/lib/WEACEToolkit
2009/12/08 14:25:17 - Activated log debug
2009/12/08 14:25:17 - > WEACEInstall.rb --debug -d
2009/12/08 14:25:17 - Install repository: F:/RR/Source/weacemethod/svn/weacemethod/WEACEToolkit/config/Install
2009/12/08 14:25:17 - Config repository: F:/RR/Source/weacemethod/svn/weacemethod/WEACEToolkit/config/Config
2009/12/08 14:25:17 - Library directory: F:/RR/Source/weacemethod/svn/weacemethod/WEACEToolkit/lib/WEACEToolkit
2009/12/08 14:25:17 - Activated log debug
2009/12/08 14:25:17 - > WEACEInstall.rb -d -d
2009/12/08 14:25:17 - Install repository: F:/RR/Source/weacemethod/svn/weacemethod/WEACEToolkit/config/Install
2009/12/08 14:25:17 - Config repository: F:/RR/Source/weacemethod/svn/weacemethod/WEACEToolkit/config/Config
2009/12/08 14:25:17 - Library directory: F:/RR/Source/weacemethod/svn/weacemethod/WEACEToolkit/lib/WEACEToolkit
2009/12/08 14:25:17 - Activated log debug
2009/12/08 14:25:18 - > WEACEInstall.rb --detailedlist -d
2009/12/08 14:25:18 - Install repository: F:/RR/Source/weacemethod/svn/weacemethod/WEACEToolkit/config/Install
2009/12/08 14:25:18 - Config repository: F:/RR/Source/weacemethod/svn/weacemethod/WEACEToolkit/config/Config
2009/12/08 14:25:18 - Library directory: F:/RR/Source/weacemethod/svn/weacemethod/WEACEToolkit/lib/WEACEToolkit
2009/12/08 14:25:18 - Activated log debug
2009/12/08 14:25:18 - > WEACEInstall.rb -e -d
2009/12/08 14:25:19 - Install repository: F:/RR/Source/weacemethod/svn/weacemethod/WEACEToolkit/config/Install
2009/12/08 14:25:19 - Config repository: F:/RR/Source/weacemethod/svn/weacemethod/WEACEToolkit/config/Config
2009/12/08 14:25:19 - Library directory: F:/RR/Source/weacemethod/svn/weacemethod/WEACEToolkit/lib/WEACEToolkit
2009/12/08 14:25:19 - Activated log debug
2009/12/08 14:25:20 - > WEACEInstall.rb --help -d
2009/12/08 14:25:20 - Install repository: F:/RR/Source/weacemethod/svn/weacemethod/WEACEToolkit/config/Install
2009/12/08 14:25:20 - Config repository: F:/RR/Source/weacemethod/svn/weacemethod/WEACEToolkit/config/Config
2009/12/08 14:25:20 - Library directory: F:/RR/Source/weacemethod/svn/weacemethod/WEACEToolkit/lib/WEACEToolkit
2009/12/08 14:25:20 - Activated log debug
2009/12/08 14:25:20 - > WEACEInstall.rb -h -d
2009/12/08 14:25:20 - Install repository: F:/RR/Source/weacemethod/svn/weacemethod/WEACEToolkit/config/Install
2009/12/08 14:25:20 - Config repository: F:/RR/Source/weacemethod/svn/weacemethod/WEACEToolkit/config/Config
2009/12/08 14:25:20 - Library directory: F:/RR/Source/weacemethod/svn/weacemethod/WEACEToolkit/lib/WEACEToolkit
2009/12/08 14:25:20 - Deactivated log debug
2009/12/08 14:25:20 - > WEACEInstall.rb --install -d
2009/12/08 14:25:20 - Install repository: F:/RR/Source/weacemethod/svn/weacemethod/WEACEToolkit/config/Install
2009/12/08 14:25:20 - Config repository: F:/RR/Source/weacemethod/svn/weacemethod/WEACEToolkit/config/Config
2009/12/08 14:25:20 - Library directory: F:/RR/Source/weacemethod/svn/weacemethod/WEACEToolkit/lib/WEACEToolkit
2009/12/08 14:25:20 - === Install Component -d ([]) ...
2009/12/08 14:25:21 - Deactivated log debug
2009/12/08 14:25:21 - > WEACEInstall.rb -i -d
2009/12/08 14:25:21 - Install repository: F:/RR/Source/weacemethod/svn/weacemethod/WEACEToolkit/config/Install
2009/12/08 14:25:21 - Config repository: F:/RR/Source/weacemethod/svn/weacemethod/WEACEToolkit/config/Config
2009/12/08 14:25:21 - Library directory: F:/RR/Source/weacemethod/svn/weacemethod/WEACEToolkit/lib/WEACEToolkit
2009/12/08 14:25:21 - === Install Component -d ([]) ...
2009/12/08 14:25:21 - Activated log debug
2009/12/08 14:25:21 - > WEACEInstall.rb --install UnknownComponentNameForTest -d
2009/12/08 14:25:21 - Install repository: F:/RR/Source/weacemethod/svn/weacemethod/WEACEToolkit/config/Install
2009/12/08 14:25:21 - Config repository: F:/RR/Source/weacemethod/svn/weacemethod/WEACEToolkit/config/Config
2009/12/08 14:25:21 - Library directory: F:/RR/Source/weacemethod/svn/weacemethod/WEACEToolkit/lib/WEACEToolkit
2009/12/08 14:25:21 - === Install Component UnknownComponentNameForTest ([]) ...
2009/12/08 14:25:22 - Activated log debug
2009/12/08 14:25:22 - > WEACEInstall.rb --install UnknownComponentNameForTest --force -d
2009/12/08 14:25:22 - Install repository: F:/RR/Source/weacemethod/svn/weacemethod/WEACEToolkit/config/Install
2009/12/08 14:25:22 - Config repository: F:/RR/Source/weacemethod/svn/weacemethod/WEACEToolkit/config/Config
2009/12/08 14:25:22 - Library directory: F:/RR/Source/weacemethod/svn/weacemethod/WEACEToolkit/lib/WEACEToolkit
2009/12/08 14:25:22 - === Install Component UnknownComponentNameForTest ([]) ...
2009/12/08 14:25:22 - Activated log debug
2009/12/08 14:25:22 - > WEACEInstall.rb --install UnknownComponentNameForTest -f -d
2009/12/08 14:25:22 - Install repository: F:/RR/Source/weacemethod/svn/weacemethod/WEACEToolkit/config/Install
2009/12/08 14:25:22 - Config repository: F:/RR/Source/weacemethod/svn/weacemethod/WEACEToolkit/config/Config
2009/12/08 14:25:22 - Library directory: F:/RR/Source/weacemethod/svn/weacemethod/WEACEToolkit/lib/WEACEToolkit
2009/12/08 14:25:22 - === Install Component UnknownComponentNameForTest ([]) ...
2009/12/08 14:25:22 - Activated log debug
2009/12/08 14:25:22 - > WEACEInstall.rb --list -d
2009/12/08 14:25:22 - Install repository: F:/RR/Source/weacemethod/svn/weacemethod/WEACEToolkit/config/Install
2009/12/08 14:25:22 - Config repository: F:/RR/Source/weacemethod/svn/weacemethod/WEACEToolkit/config/Config
2009/12/08 14:25:22 - Library directory: F:/RR/Source/weacemethod/svn/weacemethod/WEACEToolkit/lib/WEACEToolkit
2009/12/08 14:25:23 - Activated log debug
2009/12/08 14:25:23 - > WEACEInstall.rb -l -d
2009/12/08 14:25:23 - Install repository: F:/RR/Source/weacemethod/svn/weacemethod/WEACEToolkit/config/Install
2009/12/08 14:25:23 - Config repository: F:/RR/Source/weacemethod/svn/weacemethod/WEACEToolkit/config/Config
2009/12/08 14:25:23 - Library directory: F:/RR/Source/weacemethod/svn/weacemethod/WEACEToolkit/lib/WEACEToolkit
2009/12/08 14:25:23 - Activated log debug
2009/12/08 14:25:23 - > WEACEInstall.rb -d
2009/12/08 14:25:23 - Install repository: F:/RR/Source/weacemethod/svn/weacemethod/WEACEToolkit/config/Install
2009/12/08 14:25:23 - Config repository: F:/RR/Source/weacemethod/svn/weacemethod/WEACEToolkit/config/Config
2009/12/08 14:25:23 - Library directory: F:/RR/Source/weacemethod/svn/weacemethod/WEACEToolkit/lib/WEACEToolkit
2009/12/08 14:25:24 - Activated log debug
2009/12/08 14:25:24 - > WEACEInstall.rb --version -d
2009/12/08 14:25:24 - Install repository: F:/RR/Source/weacemethod/svn/weacemethod/WEACEToolkit/config/Install
2009/12/08 14:25:24 - Config repository: F:/RR/Source/weacemethod/svn/weacemethod/WEACEToolkit/config/Config
2009/12/08 14:25:24 - Library directory: F:/RR/Source/weacemethod/svn/weacemethod/WEACEToolkit/lib/WEACEToolkit
2009/12/08 14:25:24 - Activated log debug
2009/12/08 14:25:24 - > WEACEInstall.rb -v -d
2009/12/08 14:25:24 - Install repository: F:/RR/Source/weacemethod/svn/weacemethod/WEACEToolkit/config/Install
2009/12/08 14:25:24 - Config repository: F:/RR/Source/weacemethod/svn/weacemethod/WEACEToolkit/config/Config
2009/12/08 14:25:24 - Library directory: F:/RR/Source/weacemethod/svn/weacemethod/WEACEToolkit/lib/WEACEToolkit
2009/12/08 14:25:25 - Activated log debug
2009/12/08 14:25:25 - > WEACEInstall.rb --install UnknownComponentNameForTest -d
2009/12/08 14:25:25 - Install repository: F:/RR/Source/weacemethod/svn/weacemethod/WEACEToolkit/config/Install
2009/12/08 14:25:25 - Config repository: F:/RR/Source/weacemethod/svn/weacemethod/WEACEToolkit/config/Config
2009/12/08 14:25:25 - Library directory: F:/RR/Source/weacemethod/svn/weacemethod/WEACEToolkit/lib/WEACEToolkit
2009/12/08 14:25:25 - === Install Component UnknownComponentNameForTest ([]) ...
2009/12/08 14:25:49 - Activated log debug
2009/12/08 14:25:49 - > WEACEInstall.rb -d
2009/12/08 14:25:49 - Install repository: F:/RR/Source/weacemethod/svn/weacemethod/WEACEToolkit/config/Install
2009/12/08 14:25:49 - Config repository: F:/RR/Source/weacemethod/svn/weacemethod/WEACEToolkit/config/Config
2009/12/08 14:25:49 - Library directory: F:/RR/Source/weacemethod/svn/weacemethod/WEACEToolkit/lib/WEACEToolkit
2009/12/08 14:32:34 - Activated log debug
2009/12/08 14:32:34 - > WEACEInstall.rb --install UnknownComponentNameForTest -d
2009/12/08 14:32:34 - Install repository: F:/RR/Source/weacemethod/svn/weacemethod/WEACEToolkit/config/Install
2009/12/08 14:32:34 - Config repository: F:/RR/Source/weacemethod/svn/weacemethod/WEACEToolkit/config/Config
2009/12/08 14:32:34 - Library directory: F:/RR/Source/weacemethod/svn/weacemethod/WEACEToolkit/lib/WEACEToolkit
2009/12/08 14:32:34 - === Install Component UnknownComponentNameForTest ([]) ...
2009/12/08 14:34:12 - Activated log debug
2009/12/08 14:34:12 - > WEACEInstall.rb --install Master/Server/WEACEMasterServer -d
2009/12/08 14:34:12 - Install repository: F:/RR/Source/weacemethod/svn/weacemethod/WEACEToolkit/config/Install
2009/12/08 14:34:12 - Config repository: F:/RR/Source/weacemethod/svn/weacemethod/WEACEToolkit/config/Config
2009/12/08 14:34:12 - Library directory: F:/RR/Source/weacemethod/svn/weacemethod/WEACEToolkit/lib/WEACEToolkit
2009/12/08 14:34:12 - === Install Component Master/Server/WEACEMasterServer ([]) ...
2009/12/08 14:34:12 - The following option is missing:
2009/12/08 14:34:14 - Some mandatory options were missing.
2009/12/08 14:35:54 - Activated log debug
2009/12/08 14:35:54 - > WEACEInstall.rb --install Master/Server/WEACEMasterServer -d
2009/12/08 14:35:54 - Install repository: F:/RR/Source/weacemethod/svn/weacemethod/WEACEToolkit/config/Install
2009/12/08 14:35:54 - Config repository: F:/RR/Source/weacemethod/svn/weacemethod/WEACEToolkit/config/Config
2009/12/08 14:35:54 - Library directory: F:/RR/Source/weacemethod/svn/weacemethod/WEACEToolkit/lib/WEACEToolkit
2009/12/08 14:35:54 - === Install Component Master/Server/WEACEMasterServer ([]) ...
2009/12/08 14:35:54 - The following option is missing:
2009/12/08 14:35:55 - Some mandatory options were missing.
2009/12/08 14:36:17 - Activated log debug
2009/12/08 14:36:17 - > WEACEInstall.rb --install Master/Server/WEACEMasterServer -d
2009/12/08 14:36:17 - Install repository: F:/RR/Source/weacemethod/svn/weacemethod/WEACEToolkit/config/Install
2009/12/08 14:36:17 - Config repository: F:/RR/Source/weacemethod/svn/weacemethod/WEACEToolkit/config/Config
2009/12/08 14:36:17 - Library directory: F:/RR/Source/weacemethod/svn/weacemethod/WEACEToolkit/lib/WEACEToolkit
2009/12/08 14:36:17 - === Install Component Master/Server/WEACEMasterServer ([]) ...
2009/12/08 14:36:17 - !!! ERR !!! The following option is missing:
2009/12/08 14:36:20 - !!! ERR !!! Some mandatory options were missing.
2009/12/08 14:36:36 - Activated log debug
2009/12/08 14:36:37 - > WEACEInstall.rb --install Master/Server/WEACEMasterServer -d
2009/12/08 14:36:37 - Install repository: F:/RR/Source/weacemethod/svn/weacemethod/WEACEToolkit/config/Install
2009/12/08 14:36:37 - Config repository: F:/RR/Source/weacemethod/svn/weacemethod/WEACEToolkit/config/Config
2009/12/08 14:36:37 - Library directory: F:/RR/Source/weacemethod/svn/weacemethod/WEACEToolkit/lib/WEACEToolkit
2009/12/08 14:36:37 - === Install Component Master/Server/WEACEMasterServer ([]) ...
2009/12/08 14:36:37 - !!! ERR !!! The following option is missing:
2009/12/08 14:36:42 - !!! ERR !!! Some mandatory options were missing.
2009/12/08 14:38:07 - Activated log debug
2009/12/08 14:38:08 - > WEACEInstall.rb --install Master/Server/WEACEMasterServer -d
2009/12/08 14:38:08 - Install repository: F:/RR/Source/weacemethod/svn/weacemethod/WEACEToolkit/config/Install
2009/12/08 14:38:08 - Config repository: F:/RR/Source/weacemethod/svn/weacemethod/WEACEToolkit/config/Config
2009/12/08 14:38:08 - Library directory: F:/RR/Source/weacemethod/svn/weacemethod/WEACEToolkit/lib/WEACEToolkit
2009/12/08 14:38:08 - === Install Component Master/Server/WEACEMasterServer ([]) ...
2009/12/08 14:38:08 - !!! ERR !!! The following option is missing:
2009/12/08 14:38:14 - !!! ERR !!! Some mandatory options were missing.
2009/12/08 14:39:41 - Activated log debug
2009/12/08 14:39:42 - > WEACEInstall.rb --install Master/Server/WEACEMasterServer -d
2009/12/08 14:39:42 - Install repository: F:/RR/Source/weacemethod/svn/weacemethod/WEACEToolkit/config/Install
2009/12/08 14:39:42 - Config repository: F:/RR/Source/weacemethod/svn/weacemethod/WEACEToolkit/config/Config
2009/12/08 14:39:42 - Library directory: F:/RR/Source/weacemethod/svn/weacemethod/WEACEToolkit/lib/WEACEToolkit
2009/12/08 14:39:42 - === Install Component Master/Server/WEACEMasterServer ([]) ...
2009/12/08 14:39:42 - !!! ERR !!! The following option is missing:
    -t, --providertype <ProvType>    <ProvType>: Type of provider where we install components.
                                     Use -- after to add options that are specific to each Provider. See below to get the list of possible Providers and their respective options.

2009/12/08 14:39:42 - !!! ERR !!! Some mandatory options were missing.
2009/12/08 14:40:36 - Activated log debug
2009/12/08 14:40:36 - > WEACEInstall.rb --install Master/Server/WEACEMasterServer -d
2009/12/08 14:40:36 - Install repository: F:/RR/Source/weacemethod/svn/weacemethod/WEACEToolkit/config/Install
2009/12/08 14:40:36 - Config repository: F:/RR/Source/weacemethod/svn/weacemethod/WEACEToolkit/config/Config
2009/12/08 14:40:36 - Library directory: F:/RR/Source/weacemethod/svn/weacemethod/WEACEToolkit/lib/WEACEToolkit
2009/12/08 14:40:36 - === Install Component Master/Server/WEACEMasterServer ([]) ...
2009/12/08 14:40:36 - !!! ERR !!! The following option is missing:
    -t, --providertype <ProvType>    <ProvType>: Type of provider where we install components.
                                     Use -- after to add options that are specific to each Provider. See below to get the list of possible Providers and their respective options.

2009/12/08 14:40:48 - !!! ERR !!! Some mandatory options were missing.
2009/12/08 14:41:10 - Activated log debug
2009/12/08 14:41:10 - > WEACEInstall.rb --install Master/Server/WEACEMasterServer -d
2009/12/08 14:41:10 - Install repository: F:/RR/Source/weacemethod/svn/weacemethod/WEACEToolkit/config/Install
2009/12/08 14:41:10 - Config repository: F:/RR/Source/weacemethod/svn/weacemethod/WEACEToolkit/config/Config
2009/12/08 14:41:10 - Library directory: F:/RR/Source/weacemethod/svn/weacemethod/WEACEToolkit/lib/WEACEToolkit
2009/12/08 14:41:10 - === Install Component Master/Server/WEACEMasterServer ([]) ...
2009/12/08 14:41:10 - !!! ERR !!! The following option is missing:
    -t, --providertype <ProvType>    <ProvType>: Type of provider where we install components.
                                     Use -- after to add options that are specific to each Provider. See below to get the list of possible Providers and their respective options.

2009/12/08 14:41:20 - !!! ERR !!! Some mandatory options were missing.
2009/12/08 14:41:31 - Activated log debug
2009/12/08 14:41:32 - > WEACEInstall.rb --install Master/Server/WEACEMasterServer -d
2009/12/08 14:41:32 - Install repository: F:/RR/Source/weacemethod/svn/weacemethod/WEACEToolkit/config/Install
2009/12/08 14:41:32 - Config repository: F:/RR/Source/weacemethod/svn/weacemethod/WEACEToolkit/config/Config
2009/12/08 14:41:32 - Library directory: F:/RR/Source/weacemethod/svn/weacemethod/WEACEToolkit/lib/WEACEToolkit
2009/12/08 14:41:32 - === Install Component Master/Server/WEACEMasterServer ([]) ...
2009/12/08 14:41:32 - !!! ERR !!! The following option is missing:
    -t, --providertype <ProvType>    <ProvType>: Type of provider where we install components.
                                     Use -- after to add options that are specific to each Provider. See below to get the list of possible Providers and their respective options.

2009/12/08 14:41:56 - !!! ERR !!! Some mandatory options were missing.
2009/12/08 14:43:40 - Activated log debug
2009/12/08 14:43:40 - > WEACEInstall.rb --install Master/Server/WEACEMasterServer -d
2009/12/08 14:43:40 - Install repository: F:/RR/Source/weacemethod/svn/weacemethod/WEACEToolkit/config/Install
2009/12/08 14:43:40 - Config repository: F:/RR/Source/weacemethod/svn/weacemethod/WEACEToolkit/config/Config
2009/12/08 14:43:40 - Library directory: F:/RR/Source/weacemethod/svn/weacemethod/WEACEToolkit/lib/WEACEToolkit
2009/12/08 14:43:40 - === Install Component Master/Server/WEACEMasterServer ([]) ...
2009/12/08 14:43:41 - !!! ERR !!! The following option is missing:
    -t, --providertype <ProvType>    <ProvType>: Type of provider where we install components.
                                     Use -- after to add options that are specific to each Provider. Please use --list option to know available Master Providers.

2009/12/08 14:44:00 - !!! ERR !!! Some mandatory options were missing.
2009/12/08 15:02:42 - Activated log debug
2009/12/08 15:02:42 - > WEACEInstall.rb --install Master/Server/WEACEMasterServer -d
2009/12/08 15:02:42 - Install repository: F:/RR/Source/weacemethod/svn/weacemethod/WEACEToolkit/config/Install
2009/12/08 15:02:42 - Config repository: F:/RR/Source/weacemethod/svn/weacemethod/WEACEToolkit/config/Config
2009/12/08 15:02:42 - Library directory: F:/RR/Source/weacemethod/svn/weacemethod/WEACEToolkit/lib/WEACEToolkit
2009/12/08 15:02:42 - === Install Component Master/Server/WEACEMasterServer ([]) ...
2009/12/08 15:02:42 - Read specific type  configuration ...
2009/12/08 15:02:43 - Bug: Error while getting Master Provider named . Please use --list option to know available Providers.
Exception: Unknown plugin  in category Master/Providers.
Exception stack:

...
Stack:
F:/RR/Source/rutilants/svn/rutilants/lib/rUtilAnts/Logging.rb:136:in `logExc'
F:/RR/Source/rutilants/svn/rutilants/lib/rUtilAnts/Logging.rb:433:in `logExc'
/lib/WEACEToolkit/Install/Master/Server/WEACEMasterServer.rb:28:in `execute'
/bin/WEACEInstall.rb:349:in `installComponent'
F:/RR/Source/rutilants/svn/rutilants/lib/rUtilAnts/Plugins.rb:307:in `accessPlugin'
/bin/WEACEInstall.rb:343:in `installComponent'
/bin/WEACEInstall.rb:136:in `execute'
/test/Install/Common.rb:27:in `executeInstall'
/test/Install/Global/Install.rb:26:in `testMasterServerWithoutProvider'
C:/Program Files/ruby/lib/ruby/1.8/test/unit/testcase.rb:72:in `__send__'
C:/Program Files/ruby/lib/ruby/1.8/test/unit/testcase.rb:72:in `run'
C:/Program Files/ruby/lib/ruby/1.8/test/unit/testsuite.rb:34:in `run'
C:/Program Files/ruby/lib/ruby/1.8/test/unit/testsuite.rb:33:in `each'
C:/Program Files/ruby/lib/ruby/1.8/test/unit/testsuite.rb:33:in `run'
C:/Program Files/ruby/lib/ruby/1.8/test/unit/testsuite.rb:34:in `run'
C:/Program Files/ruby/lib/ruby/1.8/test/unit/testsuite.rb:33:in `each'
C:/Program Files/ruby/lib/ruby/1.8/test/unit/testsuite.rb:33:in `run'
C:/Program Files/ruby/lib/ruby/1.8/test/unit/ui/testrunnermediator.rb:46:in `run_suite'
C:/Program Files/ruby/lib/ruby/1.8/test/unit/ui/console/testrunner.rb:67:in `start_mediator'
C:/Program Files/ruby/lib/ruby/1.8/test/unit/ui/console/testrunner.rb:41:in `start'
C:/Program Files/ruby/lib/ruby/1.8/test/unit/ui/testrunnerutilities.rb:29:in `run'
C:/Program Files/ruby/lib/ruby/1.8/test/unit/autorunner.rb:200:in `run'
C:/Program Files/ruby/lib/ruby/1.8/test/unit/autorunner.rb:13:in `run'
C:/Program Files/ruby/lib/ruby/1.8/test/unit.rb:278
2009/12/08 15:02:51 - Register Master/Server/WEACEMasterServer in file F:/RR/Source/weacemethod/svn/weacemethod/WEACEToolkit/config/Install/InstalledComponents/Master_Server_WEACEMasterServer.rb ...
2009/12/08 15:02:51 - Component Master/Server/WEACEMasterServer installed successfully.
2009/12/08 15:03:40 - Activated log debug
2009/12/08 15:03:40 - > WEACEInstall.rb --install Master/Server/WEACEMasterServer -d
2009/12/08 15:03:40 - Install repository: F:/RR/Source/weacemethod/svn/weacemethod/WEACEToolkit/config/Install
2009/12/08 15:03:40 - Config repository: F:/RR/Source/weacemethod/svn/weacemethod/WEACEToolkit/config/Config
2009/12/08 15:03:40 - Library directory: F:/RR/Source/weacemethod/svn/weacemethod/WEACEToolkit/lib/WEACEToolkit
2009/12/08 15:03:40 - === Install Component Master/Server/WEACEMasterServer ([]) ...
2009/12/08 15:04:01 - Activated log debug
2009/12/08 15:04:01 - > WEACEInstall.rb --install Master/Server/WEACEMasterServer -d
2009/12/08 15:04:01 - Install repository: F:/RR/Source/weacemethod/svn/weacemethod/WEACEToolkit/config/Install
2009/12/08 15:04:01 - Config repository: F:/RR/Source/weacemethod/svn/weacemethod/WEACEToolkit/config/Config
2009/12/08 15:04:01 - Library directory: F:/RR/Source/weacemethod/svn/weacemethod/WEACEToolkit/lib/WEACEToolkit
2009/12/08 15:04:01 - === Install Component Master/Server/WEACEMasterServer ([]) ...
2009/12/08 15:04:48 - Activated log debug
2009/12/08 15:04:48 - > WEACEInstall.rb --install Master/Server/WEACEMasterServer -d
2009/12/08 15:04:48 - Install repository: F:/RR/Source/weacemethod/svn/weacemethod/WEACEToolkit/config/Install
2009/12/08 15:04:48 - Config repository: F:/RR/Source/weacemethod/svn/weacemethod/WEACEToolkit/config/Config
2009/12/08 15:04:48 - Library directory: F:/RR/Source/weacemethod/svn/weacemethod/WEACEToolkit/lib/WEACEToolkit
2009/12/08 15:04:48 - === Install Component Master/Server/WEACEMasterServer ([]) ...
2009/12/08 15:06:34 - Activated log debug
2009/12/08 15:06:34 - > WEACEInstall.rb --install Master/Server/WEACEMasterServer -d
2009/12/08 15:06:34 - Install repository: F:/RR/Source/weacemethod/svn/weacemethod/WEACEToolkit/config/Install
2009/12/08 15:06:34 - Config repository: F:/RR/Source/weacemethod/svn/weacemethod/WEACEToolkit/config/Config
2009/12/08 15:06:34 - Library directory: F:/RR/Source/weacemethod/svn/weacemethod/WEACEToolkit/lib/WEACEToolkit
2009/12/08 15:06:34 - === Install Component Master/Server/WEACEMasterServer ([]) ...
2009/12/08 15:12:07 - Activated log debug
2009/12/08 15:12:07 - > WEACEInstall.rb --debug -d
2009/12/08 15:12:07 - Install repository: F:/RR/Source/weacemethod/svn/weacemethod/WEACEToolkit/config/Install
2009/12/08 15:12:07 - Config repository: F:/RR/Source/weacemethod/svn/weacemethod/WEACEToolkit/config/Config
2009/12/08 15:12:07 - Library directory: F:/RR/Source/weacemethod/svn/weacemethod/WEACEToolkit/lib/WEACEToolkit
2009/12/08 15:12:08 - Activated log debug
2009/12/08 15:12:08 - > WEACEInstall.rb -d -d
2009/12/08 15:12:08 - Install repository: F:/RR/Source/weacemethod/svn/weacemethod/WEACEToolkit/config/Install
2009/12/08 15:12:08 - Config repository: F:/RR/Source/weacemethod/svn/weacemethod/WEACEToolkit/config/Config
2009/12/08 15:12:08 - Library directory: F:/RR/Source/weacemethod/svn/weacemethod/WEACEToolkit/lib/WEACEToolkit
2009/12/08 15:12:08 - Activated log debug
2009/12/08 15:12:08 - > WEACEInstall.rb --detailedlist -d
2009/12/08 15:12:08 - Install repository: F:/RR/Source/weacemethod/svn/weacemethod/WEACEToolkit/config/Install
2009/12/08 15:12:08 - Config repository: F:/RR/Source/weacemethod/svn/weacemethod/WEACEToolkit/config/Config
2009/12/08 15:12:08 - Library directory: F:/RR/Source/weacemethod/svn/weacemethod/WEACEToolkit/lib/WEACEToolkit
2009/12/08 15:12:09 - Activated log debug
2009/12/08 15:12:09 - > WEACEInstall.rb -e -d
2009/12/08 15:12:09 - Install repository: F:/RR/Source/weacemethod/svn/weacemethod/WEACEToolkit/config/Install
2009/12/08 15:12:09 - Config repository: F:/RR/Source/weacemethod/svn/weacemethod/WEACEToolkit/config/Config
2009/12/08 15:12:09 - Library directory: F:/RR/Source/weacemethod/svn/weacemethod/WEACEToolkit/lib/WEACEToolkit
2009/12/08 15:12:10 - Activated log debug
2009/12/08 15:12:10 - > WEACEInstall.rb --help -d
2009/12/08 15:12:10 - Install repository: F:/RR/Source/weacemethod/svn/weacemethod/WEACEToolkit/config/Install
2009/12/08 15:12:10 - Config repository: F:/RR/Source/weacemethod/svn/weacemethod/WEACEToolkit/config/Config
2009/12/08 15:12:10 - Library directory: F:/RR/Source/weacemethod/svn/weacemethod/WEACEToolkit/lib/WEACEToolkit
2009/12/08 15:12:11 - Activated log debug
2009/12/08 15:12:11 - > WEACEInstall.rb -h -d
2009/12/08 15:12:11 - Install repository: F:/RR/Source/weacemethod/svn/weacemethod/WEACEToolkit/config/Install
2009/12/08 15:12:11 - Config repository: F:/RR/Source/weacemethod/svn/weacemethod/WEACEToolkit/config/Config
2009/12/08 15:12:11 - Library directory: F:/RR/Source/weacemethod/svn/weacemethod/WEACEToolkit/lib/WEACEToolkit
2009/12/08 15:12:11 - Deactivated log debug
2009/12/08 15:12:11 - > WEACEInstall.rb --install -d
2009/12/08 15:12:11 - Install repository: F:/RR/Source/weacemethod/svn/weacemethod/WEACEToolkit/config/Install
2009/12/08 15:12:11 - Config repository: F:/RR/Source/weacemethod/svn/weacemethod/WEACEToolkit/config/Config
2009/12/08 15:12:11 - Library directory: F:/RR/Source/weacemethod/svn/weacemethod/WEACEToolkit/lib/WEACEToolkit
2009/12/08 15:12:11 - === Install Component -d ([]) ...
2009/12/08 15:12:12 - Deactivated log debug
2009/12/08 15:12:12 - > WEACEInstall.rb -i -d
2009/12/08 15:12:12 - Install repository: F:/RR/Source/weacemethod/svn/weacemethod/WEACEToolkit/config/Install
2009/12/08 15:12:12 - Config repository: F:/RR/Source/weacemethod/svn/weacemethod/WEACEToolkit/config/Config
2009/12/08 15:12:12 - Library directory: F:/RR/Source/weacemethod/svn/weacemethod/WEACEToolkit/lib/WEACEToolkit
2009/12/08 15:12:12 - === Install Component -d ([]) ...
2009/12/08 15:12:12 - Activated log debug
2009/12/08 15:12:12 - > WEACEInstall.rb --install UnknownComponentNameForTest -d
2009/12/08 15:12:12 - Install repository: F:/RR/Source/weacemethod/svn/weacemethod/WEACEToolkit/config/Install
2009/12/08 15:12:12 - Config repository: F:/RR/Source/weacemethod/svn/weacemethod/WEACEToolkit/config/Config
2009/12/08 15:12:12 - Library directory: F:/RR/Source/weacemethod/svn/weacemethod/WEACEToolkit/lib/WEACEToolkit
2009/12/08 15:12:12 - === Install Component UnknownComponentNameForTest ([]) ...
2009/12/08 15:12:12 - Activated log debug
2009/12/08 15:12:12 - > WEACEInstall.rb --install UnknownComponentNameForTest --force -d
2009/12/08 15:12:12 - Install repository: F:/RR/Source/weacemethod/svn/weacemethod/WEACEToolkit/config/Install
2009/12/08 15:12:12 - Config repository: F:/RR/Source/weacemethod/svn/weacemethod/WEACEToolkit/config/Config
2009/12/08 15:12:12 - Library directory: F:/RR/Source/weacemethod/svn/weacemethod/WEACEToolkit/lib/WEACEToolkit
2009/12/08 15:12:12 - === Install Component UnknownComponentNameForTest ([]) ...
2009/12/08 15:12:13 - Activated log debug
2009/12/08 15:12:13 - > WEACEInstall.rb --install UnknownComponentNameForTest -f -d
2009/12/08 15:12:13 - Install repository: F:/RR/Source/weacemethod/svn/weacemethod/WEACEToolkit/config/Install
2009/12/08 15:12:13 - Config repository: F:/RR/Source/weacemethod/svn/weacemethod/WEACEToolkit/config/Config
2009/12/08 15:12:13 - Library directory: F:/RR/Source/weacemethod/svn/weacemethod/WEACEToolkit/lib/WEACEToolkit
2009/12/08 15:12:13 - === Install Component UnknownComponentNameForTest ([]) ...
2009/12/08 15:12:13 - Activated log debug
2009/12/08 15:12:13 - > WEACEInstall.rb --list -d
2009/12/08 15:12:13 - Install repository: F:/RR/Source/weacemethod/svn/weacemethod/WEACEToolkit/config/Install
2009/12/08 15:12:13 - Config repository: F:/RR/Source/weacemethod/svn/weacemethod/WEACEToolkit/config/Config
2009/12/08 15:12:13 - Library directory: F:/RR/Source/weacemethod/svn/weacemethod/WEACEToolkit/lib/WEACEToolkit
2009/12/08 15:12:14 - Activated log debug
2009/12/08 15:12:14 - > WEACEInstall.rb -l -d
2009/12/08 15:12:14 - Install repository: F:/RR/Source/weacemethod/svn/weacemethod/WEACEToolkit/config/Install
2009/12/08 15:12:14 - Config repository: F:/RR/Source/weacemethod/svn/weacemethod/WEACEToolkit/config/Config
2009/12/08 15:12:14 - Library directory: F:/RR/Source/weacemethod/svn/weacemethod/WEACEToolkit/lib/WEACEToolkit
2009/12/08 15:12:14 - Activated log debug
2009/12/08 15:12:14 - > WEACEInstall.rb -d
2009/12/08 15:12:14 - Install repository: F:/RR/Source/weacemethod/svn/weacemethod/WEACEToolkit/config/Install
2009/12/08 15:12:14 - Config repository: F:/RR/Source/weacemethod/svn/weacemethod/WEACEToolkit/config/Config
2009/12/08 15:12:14 - Library directory: F:/RR/Source/weacemethod/svn/weacemethod/WEACEToolkit/lib/WEACEToolkit
2009/12/08 15:12:15 - Activated log debug
2009/12/08 15:12:15 - > WEACEInstall.rb --version -d
2009/12/08 15:12:15 - Install repository: F:/RR/Source/weacemethod/svn/weacemethod/WEACEToolkit/config/Install
2009/12/08 15:12:15 - Config repository: F:/RR/Source/weacemethod/svn/weacemethod/WEACEToolkit/config/Config
2009/12/08 15:12:15 - Library directory: F:/RR/Source/weacemethod/svn/weacemethod/WEACEToolkit/lib/WEACEToolkit
2009/12/08 15:12:15 - Activated log debug
2009/12/08 15:12:15 - > WEACEInstall.rb -v -d
2009/12/08 15:12:15 - Install repository: F:/RR/Source/weacemethod/svn/weacemethod/WEACEToolkit/config/Install
2009/12/08 15:12:15 - Config repository: F:/RR/Source/weacemethod/svn/weacemethod/WEACEToolkit/config/Config
2009/12/08 15:12:16 - Library directory: F:/RR/Source/weacemethod/svn/weacemethod/WEACEToolkit/lib/WEACEToolkit
2009/12/08 15:12:16 - Deactivated log debug
2009/12/08 15:12:16 - > WEACEInstall.rb --install Master/Server/WEACEMasterServer -- --provider -d
2009/12/08 15:12:16 - Install repository: F:/RR/Source/weacemethod/svn/weacemethod/WEACEToolkit/config/Install
2009/12/08 15:12:16 - Config repository: F:/RR/Source/weacemethod/svn/weacemethod/WEACEToolkit/config/Config
2009/12/08 15:12:16 - Library directory: F:/RR/Source/weacemethod/svn/weacemethod/WEACEToolkit/lib/WEACEToolkit
2009/12/08 15:12:16 - === Install Component Master/Server/WEACEMasterServer (["--provider", "-d"]) ...
2009/12/08 15:12:16 - Read specific type -d configuration ...
2009/12/08 15:12:16 - Bug: Error while getting Master Provider named -d. Please use --list option to know available Providers.
Exception: Unknown plugin -d in category Master/Providers.
Exception stack:

...
Stack:
F:/RR/Source/rutilants/svn/rutilants/lib/rUtilAnts/Logging.rb:136:in `logExc'
F:/RR/Source/rutilants/svn/rutilants/lib/rUtilAnts/Logging.rb:433:in `logExc'
/lib/WEACEToolkit/Install/Master/Server/WEACEMasterServer.rb:28:in `execute'
/bin/WEACEInstall.rb:350:in `installComponent'
F:/RR/Source/rutilants/svn/rutilants/lib/rUtilAnts/Plugins.rb:307:in `accessPlugin'
/bin/WEACEInstall.rb:343:in `installComponent'
/bin/WEACEInstall.rb:136:in `execute'
/test/Install/Common.rb:27:in `executeInstall'
/test/Install/Global/Install.rb:31:in `testMasterServer'
C:/Program Files/ruby/lib/ruby/1.8/test/unit/testcase.rb:72:in `__send__'
C:/Program Files/ruby/lib/ruby/1.8/test/unit/testcase.rb:72:in `run'
C:/Program Files/ruby/lib/ruby/1.8/test/unit/testsuite.rb:34:in `run'
C:/Program Files/ruby/lib/ruby/1.8/test/unit/testsuite.rb:33:in `each'
C:/Program Files/ruby/lib/ruby/1.8/test/unit/testsuite.rb:33:in `run'
C:/Program Files/ruby/lib/ruby/1.8/test/unit/testsuite.rb:34:in `run'
C:/Program Files/ruby/lib/ruby/1.8/test/unit/testsuite.rb:33:in `each'
C:/Program Files/ruby/lib/ruby/1.8/test/unit/testsuite.rb:33:in `run'
C:/Program Files/ruby/lib/ruby/1.8/test/unit/ui/testrunnermediator.rb:46:in `run_suite'
C:/Program Files/ruby/lib/ruby/1.8/test/unit/ui/console/testrunner.rb:67:in `start_mediator'
C:/Program Files/ruby/lib/ruby/1.8/test/unit/ui/console/testrunner.rb:41:in `start'
C:/Program Files/ruby/lib/ruby/1.8/test/unit/ui/testrunnerutilities.rb:29:in `run'
C:/Program Files/ruby/lib/ruby/1.8/test/unit/autorunner.rb:200:in `run'
C:/Program Files/ruby/lib/ruby/1.8/test/unit/autorunner.rb:13:in `run'
C:/Program Files/ruby/lib/ruby/1.8/test/unit.rb:278
2009/12/08 15:12:19 - Register Master/Server/WEACEMasterServer in file F:/RR/Source/weacemethod/svn/weacemethod/WEACEToolkit/config/Install/InstalledComponents/Master_Server_WEACEMasterServer.rb ...
2009/12/08 15:12:19 - Component Master/Server/WEACEMasterServer installed successfully.
2009/12/08 15:12:20 - Activated log debug
2009/12/08 15:12:20 - > WEACEInstall.rb --install Master/Server/WEACEMasterServer -d
2009/12/08 15:12:20 - Install repository: F:/RR/Source/weacemethod/svn/weacemethod/WEACEToolkit/config/Install
2009/12/08 15:12:20 - Config repository: F:/RR/Source/weacemethod/svn/weacemethod/WEACEToolkit/config/Config
2009/12/08 15:12:21 - Library directory: F:/RR/Source/weacemethod/svn/weacemethod/WEACEToolkit/lib/WEACEToolkit
2009/12/08 15:12:21 - === Install Component Master/Server/WEACEMasterServer ([]) ...
2009/12/08 15:12:21 - Activated log debug
2009/12/08 15:12:21 - > WEACEInstall.rb --install UnknownComponentNameForTest -d
2009/12/08 15:12:21 - Install repository: F:/RR/Source/weacemethod/svn/weacemethod/WEACEToolkit/config/Install
2009/12/08 15:12:21 - Config repository: F:/RR/Source/weacemethod/svn/weacemethod/WEACEToolkit/config/Config
2009/12/08 15:12:21 - Library directory: F:/RR/Source/weacemethod/svn/weacemethod/WEACEToolkit/lib/WEACEToolkit
2009/12/08 15:12:21 - === Install Component UnknownComponentNameForTest ([]) ...
2009/12/08 15:13:01 - Activated log debug
2009/12/08 15:13:01 - > WEACEInstall.rb --debug
2009/12/08 15:13:01 - Install repository: F:/RR/Source/weacemethod/svn/weacemethod/WEACEToolkit/config/Install
2009/12/08 15:13:01 - Config repository: F:/RR/Source/weacemethod/svn/weacemethod/WEACEToolkit/config/Config
2009/12/08 15:13:01 - Library directory: F:/RR/Source/weacemethod/svn/weacemethod/WEACEToolkit/lib/WEACEToolkit
2009/12/08 15:13:02 - Activated log debug
2009/12/08 15:13:02 - > WEACEInstall.rb -d
2009/12/08 15:13:02 - Install repository: F:/RR/Source/weacemethod/svn/weacemethod/WEACEToolkit/config/Install
2009/12/08 15:13:02 - Config repository: F:/RR/Source/weacemethod/svn/weacemethod/WEACEToolkit/config/Config
2009/12/08 15:13:02 - Library directory: F:/RR/Source/weacemethod/svn/weacemethod/WEACEToolkit/lib/WEACEToolkit
2009/12/08 15:13:02 - Deactivated log debug
2009/12/08 15:13:02 - > WEACEInstall.rb --detailedlist
2009/12/08 15:13:02 - Install repository: F:/RR/Source/weacemethod/svn/weacemethod/WEACEToolkit/config/Install
2009/12/08 15:13:02 - Config repository: F:/RR/Source/weacemethod/svn/weacemethod/WEACEToolkit/config/Config
2009/12/08 15:13:02 - Library directory: F:/RR/Source/weacemethod/svn/weacemethod/WEACEToolkit/lib/WEACEToolkit
2009/12/08 15:13:04 - Deactivated log debug
2009/12/08 15:13:04 - > WEACEInstall.rb -e
2009/12/08 15:13:04 - Install repository: F:/RR/Source/weacemethod/svn/weacemethod/WEACEToolkit/config/Install
2009/12/08 15:13:04 - Config repository: F:/RR/Source/weacemethod/svn/weacemethod/WEACEToolkit/config/Config
2009/12/08 15:13:04 - Library directory: F:/RR/Source/weacemethod/svn/weacemethod/WEACEToolkit/lib/WEACEToolkit
2009/12/08 15:13:05 - Deactivated log debug
2009/12/08 15:13:05 - > WEACEInstall.rb --help
2009/12/08 15:13:05 - Install repository: F:/RR/Source/weacemethod/svn/weacemethod/WEACEToolkit/config/Install
2009/12/08 15:13:05 - Config repository: F:/RR/Source/weacemethod/svn/weacemethod/WEACEToolkit/config/Config
2009/12/08 15:13:05 - Library directory: F:/RR/Source/weacemethod/svn/weacemethod/WEACEToolkit/lib/WEACEToolkit
2009/12/08 15:13:05 - Deactivated log debug
2009/12/08 15:13:05 - > WEACEInstall.rb -h
2009/12/08 15:13:05 - Install repository: F:/RR/Source/weacemethod/svn/weacemethod/WEACEToolkit/config/Install
2009/12/08 15:13:05 - Config repository: F:/RR/Source/weacemethod/svn/weacemethod/WEACEToolkit/config/Config
2009/12/08 15:13:05 - Library directory: F:/RR/Source/weacemethod/svn/weacemethod/WEACEToolkit/lib/WEACEToolkit
2009/12/08 15:13:07 - Deactivated log debug
2009/12/08 15:13:07 - > WEACEInstall.rb --install UnknownComponentNameForTest
2009/12/08 15:13:07 - Install repository: F:/RR/Source/weacemethod/svn/weacemethod/WEACEToolkit/config/Install
2009/12/08 15:13:07 - Config repository: F:/RR/Source/weacemethod/svn/weacemethod/WEACEToolkit/config/Config
2009/12/08 15:13:07 - Library directory: F:/RR/Source/weacemethod/svn/weacemethod/WEACEToolkit/lib/WEACEToolkit
2009/12/08 15:13:07 - === Install Component UnknownComponentNameForTest ([]) ...
2009/12/08 15:13:07 - Deactivated log debug
2009/12/08 15:13:07 - > WEACEInstall.rb --install UnknownComponentNameForTest --force
2009/12/08 15:13:07 - Install repository: F:/RR/Source/weacemethod/svn/weacemethod/WEACEToolkit/config/Install
2009/12/08 15:13:07 - Config repository: F:/RR/Source/weacemethod/svn/weacemethod/WEACEToolkit/config/Config
2009/12/08 15:13:07 - Library directory: F:/RR/Source/weacemethod/svn/weacemethod/WEACEToolkit/lib/WEACEToolkit
2009/12/08 15:13:07 - === Install Component UnknownComponentNameForTest ([]) ...
2009/12/08 15:13:07 - Deactivated log debug
2009/12/08 15:13:07 - > WEACEInstall.rb --install UnknownComponentNameForTest -f
2009/12/08 15:13:07 - Install repository: F:/RR/Source/weacemethod/svn/weacemethod/WEACEToolkit/config/Install
2009/12/08 15:13:07 - Config repository: F:/RR/Source/weacemethod/svn/weacemethod/WEACEToolkit/config/Config
2009/12/08 15:13:07 - Library directory: F:/RR/Source/weacemethod/svn/weacemethod/WEACEToolkit/lib/WEACEToolkit
2009/12/08 15:13:07 - === Install Component UnknownComponentNameForTest ([]) ...
2009/12/08 15:13:08 - Deactivated log debug
2009/12/08 15:13:08 - > WEACEInstall.rb --list
2009/12/08 15:13:08 - Install repository: F:/RR/Source/weacemethod/svn/weacemethod/WEACEToolkit/config/Install
2009/12/08 15:13:08 - Config repository: F:/RR/Source/weacemethod/svn/weacemethod/WEACEToolkit/config/Config
2009/12/08 15:13:08 - Library directory: F:/RR/Source/weacemethod/svn/weacemethod/WEACEToolkit/lib/WEACEToolkit
2009/12/08 15:13:08 - Deactivated log debug
2009/12/08 15:13:08 - > WEACEInstall.rb -l
2009/12/08 15:13:08 - Install repository: F:/RR/Source/weacemethod/svn/weacemethod/WEACEToolkit/config/Install
2009/12/08 15:13:08 - Config repository: F:/RR/Source/weacemethod/svn/weacemethod/WEACEToolkit/config/Config
2009/12/08 15:13:08 - Library directory: F:/RR/Source/weacemethod/svn/weacemethod/WEACEToolkit/lib/WEACEToolkit
2009/12/08 15:13:09 - Deactivated log debug
2009/12/08 15:13:09 - > WEACEInstall.rb --version
2009/12/08 15:13:09 - Install repository: F:/RR/Source/weacemethod/svn/weacemethod/WEACEToolkit/config/Install
2009/12/08 15:13:09 - Config repository: F:/RR/Source/weacemethod/svn/weacemethod/WEACEToolkit/config/Config
2009/12/08 15:13:09 - Library directory: F:/RR/Source/weacemethod/svn/weacemethod/WEACEToolkit/lib/WEACEToolkit
2009/12/08 15:13:10 - Deactivated log debug
2009/12/08 15:13:10 - > WEACEInstall.rb -v
2009/12/08 15:13:10 - Install repository: F:/RR/Source/weacemethod/svn/weacemethod/WEACEToolkit/config/Install
2009/12/08 15:13:10 - Config repository: F:/RR/Source/weacemethod/svn/weacemethod/WEACEToolkit/config/Config
2009/12/08 15:13:10 - Library directory: F:/RR/Source/weacemethod/svn/weacemethod/WEACEToolkit/lib/WEACEToolkit
2009/12/08 15:13:10 - Deactivated log debug
2009/12/08 15:13:10 - > WEACEInstall.rb --install Master/Server/WEACEMasterServer -- --provider
2009/12/08 15:13:10 - Install repository: F:/RR/Source/weacemethod/svn/weacemethod/WEACEToolkit/config/Install
2009/12/08 15:13:10 - Config repository: F:/RR/Source/weacemethod/svn/weacemethod/WEACEToolkit/config/Config
2009/12/08 15:13:10 - Library directory: F:/RR/Source/weacemethod/svn/weacemethod/WEACEToolkit/lib/WEACEToolkit
2009/12/08 15:13:10 - === Install Component Master/Server/WEACEMasterServer (["--provider"]) ...
2009/12/08 15:13:10 - !!! ERR !!! Error while parsing arguments of the Master/Server/WEACEMasterServer installer: missing argument: --provider.
    -t, --providertype <ProvType>    <ProvType>: Type of provider where we install components.
                                     Use -- after to add options that are specific to each Provider. Please use --list option to know available Master Providers.
.
2009/12/08 15:13:21 - Deactivated log debug
2009/12/08 15:13:21 - > WEACEInstall.rb --install Master/Server/WEACEMasterServer
2009/12/08 15:13:21 - Install repository: F:/RR/Source/weacemethod/svn/weacemethod/WEACEToolkit/config/Install
2009/12/08 15:13:21 - Config repository: F:/RR/Source/weacemethod/svn/weacemethod/WEACEToolkit/config/Config
2009/12/08 15:13:21 - Library directory: F:/RR/Source/weacemethod/svn/weacemethod/WEACEToolkit/lib/WEACEToolkit
2009/12/08 15:13:21 - === Install Component Master/Server/WEACEMasterServer ([]) ...
2009/12/08 15:13:21 - Deactivated log debug
2009/12/08 15:13:21 - > WEACEInstall.rb --install UnknownComponentNameForTest
2009/12/08 15:13:21 - Install repository: F:/RR/Source/weacemethod/svn/weacemethod/WEACEToolkit/config/Install
2009/12/08 15:13:21 - Config repository: F:/RR/Source/weacemethod/svn/weacemethod/WEACEToolkit/config/Config
2009/12/08 15:13:21 - Library directory: F:/RR/Source/weacemethod/svn/weacemethod/WEACEToolkit/lib/WEACEToolkit
2009/12/08 15:13:21 - === Install Component UnknownComponentNameForTest ([]) ...
2009/12/08 15:14:11 - Activated log debug
2009/12/08 15:14:12 - > WEACEInstall.rb --debug
2009/12/08 15:14:12 - Install repository: F:/RR/Source/weacemethod/svn/weacemethod/WEACEToolkit/config/Install
2009/12/08 15:14:12 - Config repository: F:/RR/Source/weacemethod/svn/weacemethod/WEACEToolkit/config/Config
2009/12/08 15:14:12 - Library directory: F:/RR/Source/weacemethod/svn/weacemethod/WEACEToolkit/lib/WEACEToolkit
2009/12/08 15:14:12 - Activated log debug
2009/12/08 15:14:12 - > WEACEInstall.rb -d
2009/12/08 15:14:12 - Install repository: F:/RR/Source/weacemethod/svn/weacemethod/WEACEToolkit/config/Install
2009/12/08 15:14:12 - Config repository: F:/RR/Source/weacemethod/svn/weacemethod/WEACEToolkit/config/Config
2009/12/08 15:14:12 - Library directory: F:/RR/Source/weacemethod/svn/weacemethod/WEACEToolkit/lib/WEACEToolkit
2009/12/08 15:14:12 - Deactivated log debug
2009/12/08 15:14:12 - > WEACEInstall.rb --detailedlist
2009/12/08 15:14:12 - Install repository: F:/RR/Source/weacemethod/svn/weacemethod/WEACEToolkit/config/Install
2009/12/08 15:14:12 - Config repository: F:/RR/Source/weacemethod/svn/weacemethod/WEACEToolkit/config/Config
2009/12/08 15:14:12 - Library directory: F:/RR/Source/weacemethod/svn/weacemethod/WEACEToolkit/lib/WEACEToolkit
2009/12/08 15:14:13 - Deactivated log debug
2009/12/08 15:14:13 - > WEACEInstall.rb -e
2009/12/08 15:14:13 - Install repository: F:/RR/Source/weacemethod/svn/weacemethod/WEACEToolkit/config/Install
2009/12/08 15:14:13 - Config repository: F:/RR/Source/weacemethod/svn/weacemethod/WEACEToolkit/config/Config
2009/12/08 15:14:13 - Library directory: F:/RR/Source/weacemethod/svn/weacemethod/WEACEToolkit/lib/WEACEToolkit
2009/12/08 15:14:14 - Deactivated log debug
2009/12/08 15:14:14 - > WEACEInstall.rb --help
2009/12/08 15:14:14 - Install repository: F:/RR/Source/weacemethod/svn/weacemethod/WEACEToolkit/config/Install
2009/12/08 15:14:14 - Config repository: F:/RR/Source/weacemethod/svn/weacemethod/WEACEToolkit/config/Config
2009/12/08 15:14:14 - Library directory: F:/RR/Source/weacemethod/svn/weacemethod/WEACEToolkit/lib/WEACEToolkit
2009/12/08 15:14:15 - Deactivated log debug
2009/12/08 15:14:15 - > WEACEInstall.rb -h
2009/12/08 15:14:15 - Install repository: F:/RR/Source/weacemethod/svn/weacemethod/WEACEToolkit/config/Install
2009/12/08 15:14:15 - Config repository: F:/RR/Source/weacemethod/svn/weacemethod/WEACEToolkit/config/Config
2009/12/08 15:14:15 - Library directory: F:/RR/Source/weacemethod/svn/weacemethod/WEACEToolkit/lib/WEACEToolkit
2009/12/08 15:14:16 - Deactivated log debug
2009/12/08 15:14:16 - > WEACEInstall.rb --install UnknownComponentNameForTest
2009/12/08 15:14:16 - Install repository: F:/RR/Source/weacemethod/svn/weacemethod/WEACEToolkit/config/Install
2009/12/08 15:14:16 - Config repository: F:/RR/Source/weacemethod/svn/weacemethod/WEACEToolkit/config/Config
2009/12/08 15:14:16 - Library directory: F:/RR/Source/weacemethod/svn/weacemethod/WEACEToolkit/lib/WEACEToolkit
2009/12/08 15:14:16 - === Install Component UnknownComponentNameForTest ([]) ...
2009/12/08 15:14:16 - Deactivated log debug
2009/12/08 15:14:16 - > WEACEInstall.rb --install UnknownComponentNameForTest --force
2009/12/08 15:14:16 - Install repository: F:/RR/Source/weacemethod/svn/weacemethod/WEACEToolkit/config/Install
2009/12/08 15:14:16 - Config repository: F:/RR/Source/weacemethod/svn/weacemethod/WEACEToolkit/config/Config
2009/12/08 15:14:16 - Library directory: F:/RR/Source/weacemethod/svn/weacemethod/WEACEToolkit/lib/WEACEToolkit
2009/12/08 15:14:16 - === Install Component UnknownComponentNameForTest ([]) ...
2009/12/08 15:14:16 - Deactivated log debug
2009/12/08 15:14:16 - > WEACEInstall.rb --install UnknownComponentNameForTest -f
2009/12/08 15:14:16 - Install repository: F:/RR/Source/weacemethod/svn/weacemethod/WEACEToolkit/config/Install
2009/12/08 15:14:16 - Config repository: F:/RR/Source/weacemethod/svn/weacemethod/WEACEToolkit/config/Config
2009/12/08 15:14:16 - Library directory: F:/RR/Source/weacemethod/svn/weacemethod/WEACEToolkit/lib/WEACEToolkit
2009/12/08 15:14:16 - === Install Component UnknownComponentNameForTest ([]) ...
2009/12/08 15:14:17 - Deactivated log debug
2009/12/08 15:14:17 - > WEACEInstall.rb --list
2009/12/08 15:14:17 - Install repository: F:/RR/Source/weacemethod/svn/weacemethod/WEACEToolkit/config/Install
2009/12/08 15:14:17 - Config repository: F:/RR/Source/weacemethod/svn/weacemethod/WEACEToolkit/config/Config
2009/12/08 15:14:17 - Library directory: F:/RR/Source/weacemethod/svn/weacemethod/WEACEToolkit/lib/WEACEToolkit
2009/12/08 15:14:17 - Deactivated log debug
2009/12/08 15:14:17 - > WEACEInstall.rb -l
2009/12/08 15:14:17 - Install repository: F:/RR/Source/weacemethod/svn/weacemethod/WEACEToolkit/config/Install
2009/12/08 15:14:17 - Config repository: F:/RR/Source/weacemethod/svn/weacemethod/WEACEToolkit/config/Config
2009/12/08 15:14:17 - Library directory: F:/RR/Source/weacemethod/svn/weacemethod/WEACEToolkit/lib/WEACEToolkit
2009/12/08 15:14:18 - Deactivated log debug
2009/12/08 15:14:18 - > WEACEInstall.rb --version
2009/12/08 15:14:18 - Install repository: F:/RR/Source/weacemethod/svn/weacemethod/WEACEToolkit/config/Install
2009/12/08 15:14:19 - Config repository: F:/RR/Source/weacemethod/svn/weacemethod/WEACEToolkit/config/Config
2009/12/08 15:14:19 - Library directory: F:/RR/Source/weacemethod/svn/weacemethod/WEACEToolkit/lib/WEACEToolkit
2009/12/08 15:14:19 - Deactivated log debug
2009/12/08 15:14:19 - > WEACEInstall.rb -v
2009/12/08 15:14:19 - Install repository: F:/RR/Source/weacemethod/svn/weacemethod/WEACEToolkit/config/Install
2009/12/08 15:14:19 - Config repository: F:/RR/Source/weacemethod/svn/weacemethod/WEACEToolkit/config/Config
2009/12/08 15:14:19 - Library directory: F:/RR/Source/weacemethod/svn/weacemethod/WEACEToolkit/lib/WEACEToolkit
2009/12/08 15:14:19 - Deactivated log debug
2009/12/08 15:14:19 - > WEACEInstall.rb --install Master/Server/WEACEMasterServer -- --provider
2009/12/08 15:14:19 - Install repository: F:/RR/Source/weacemethod/svn/weacemethod/WEACEToolkit/config/Install
2009/12/08 15:14:19 - Config repository: F:/RR/Source/weacemethod/svn/weacemethod/WEACEToolkit/config/Config
2009/12/08 15:14:19 - Library directory: F:/RR/Source/weacemethod/svn/weacemethod/WEACEToolkit/lib/WEACEToolkit
2009/12/08 15:14:19 - === Install Component Master/Server/WEACEMasterServer (["--provider"]) ...
2009/12/08 15:14:20 - Deactivated log debug
2009/12/08 15:14:20 - > WEACEInstall.rb --install Master/Server/WEACEMasterServer
2009/12/08 15:14:20 - Install repository: F:/RR/Source/weacemethod/svn/weacemethod/WEACEToolkit/config/Install
2009/12/08 15:14:20 - Config repository: F:/RR/Source/weacemethod/svn/weacemethod/WEACEToolkit/config/Config
2009/12/08 15:14:20 - Library directory: F:/RR/Source/weacemethod/svn/weacemethod/WEACEToolkit/lib/WEACEToolkit
2009/12/08 15:14:20 - === Install Component Master/Server/WEACEMasterServer ([]) ...
2009/12/08 15:14:20 - Deactivated log debug
2009/12/08 15:14:20 - > WEACEInstall.rb --install UnknownComponentNameForTest
2009/12/08 15:14:20 - Install repository: F:/RR/Source/weacemethod/svn/weacemethod/WEACEToolkit/config/Install
2009/12/08 15:14:20 - Config repository: F:/RR/Source/weacemethod/svn/weacemethod/WEACEToolkit/config/Config
2009/12/08 15:14:20 - Library directory: F:/RR/Source/weacemethod/svn/weacemethod/WEACEToolkit/lib/WEACEToolkit
2009/12/08 15:14:20 - === Install Component UnknownComponentNameForTest ([]) ...
2009/12/08 15:15:00 - Deactivated log debug
2009/12/08 15:15:00 - > WEACEInstall.rb --install Master/Server/WEACEMasterServer -- --provider
2009/12/08 15:15:00 - Install repository: F:/RR/Source/weacemethod/svn/weacemethod/WEACEToolkit/config/Install
2009/12/08 15:15:00 - Config repository: F:/RR/Source/weacemethod/svn/weacemethod/WEACEToolkit/config/Config
2009/12/08 15:15:00 - Library directory: F:/RR/Source/weacemethod/svn/weacemethod/WEACEToolkit/lib/WEACEToolkit
2009/12/08 15:15:00 - === Install Component Master/Server/WEACEMasterServer (["--provider"]) ...
2009/12/08 15:15:37 - Activated log debug
2009/12/08 15:15:37 - > WEACEInstall.rb -d --install Master/Server/WEACEMasterServer -- --provider
2009/12/08 15:15:37 - Install repository: F:/RR/Source/weacemethod/svn/weacemethod/WEACEToolkit/config/Install
2009/12/08 15:15:37 - Config repository: F:/RR/Source/weacemethod/svn/weacemethod/WEACEToolkit/config/Config
2009/12/08 15:15:37 - Library directory: F:/RR/Source/weacemethod/svn/weacemethod/WEACEToolkit/lib/WEACEToolkit
2009/12/08 15:15:37 - === Install Component Master/Server/WEACEMasterServer (["--provider"]) ...
2009/12/08 15:36:42 - Activated log debug
2009/12/08 15:36:42 - > WEACEInstall.rb -d --install Master/Server/WEACEMasterServer -- --provider
2009/12/08 15:36:42 - Install repository: F:/RR/Source/weacemethod/svn/weacemethod/WEACEToolkit/config/Install
2009/12/08 15:36:42 - Config repository: F:/RR/Source/weacemethod/svn/weacemethod/WEACEToolkit/config/Config
2009/12/08 15:36:42 - Library directory: F:/RR/Source/weacemethod/svn/weacemethod/WEACEToolkit/lib/WEACEToolkit
2009/12/08 15:36:42 - === Install Component Master/Server/WEACEMasterServer (["--provider"]) ...
2009/12/08 15:37:19 - Activated log debug
2009/12/08 15:37:19 - > WEACEInstall.rb -d --install DummyComponent
2009/12/08 15:37:19 - Install repository: F:/RR/Source/weacemethod/svn/weacemethod/WEACEToolkit/config/Install
2009/12/08 15:37:19 - Config repository: F:/RR/Source/weacemethod/svn/weacemethod/WEACEToolkit/config/Config
2009/12/08 15:37:19 - Library directory: F:/RR/Source/weacemethod/svn/weacemethod/WEACEToolkit/lib/WEACEToolkit
2009/12/08 15:37:19 - === Install Component DummyComponent ([]) ...
2009/12/08 16:06:47 - Activated log debug
2009/12/08 16:06:47 - > WEACEInstall.rb -d --install Master/Adapters/DummyProduct/DummyTool/DummyAdapter
2009/12/08 16:06:47 - Install repository: F:/RR/Source/weacemethod/svn/weacemethod/WEACEToolkit/config/Install
2009/12/08 16:06:47 - Config repository: F:/RR/Source/weacemethod/svn/weacemethod/WEACEToolkit/config/Config
2009/12/08 16:06:47 - Library directory: F:/RR/Source/weacemethod/svn/weacemethod/WEACEToolkit/lib/WEACEToolkit
2009/12/08 16:06:47 - === Install Component Master/Adapters/DummyProduct/DummyTool/DummyAdapter ([]) ...
2009/12/08 16:07:38 - Activated log debug
2009/12/08 16:07:38 - > WEACEInstall.rb -d --install Master/Adapters/DummyProduct/DummyTool/DummyAdapter
2009/12/08 16:07:38 - Install repository: F:/RR/Source/weacemethod/svn/weacemethod/WEACEToolkit/config/Install
2009/12/08 16:07:38 - Config repository: F:/RR/Source/weacemethod/svn/weacemethod/WEACEToolkit/config/Config
2009/12/08 16:07:38 - Library directory: F:/RR/Source/weacemethod/svn/weacemethod/WEACEToolkit/lib/WEACEToolkit
2009/12/08 16:07:38 - === Install Component Master/Adapters/DummyProduct/DummyTool/DummyAdapter ([]) ...
2009/12/08 16:08:14 - Deactivated log debug
2009/12/08 16:08:14 - > WEACEInstall.rb -l
2009/12/08 16:08:14 - Install repository: F:/RR/Source/weacemethod/svn/weacemethod/WEACEToolkit/config/Install
2009/12/08 16:08:14 - Config repository: F:/RR/Source/weacemethod/svn/weacemethod/WEACEToolkit/config/Config
2009/12/08 16:08:14 - Library directory: F:/RR/Source/weacemethod/svn/weacemethod/WEACEToolkit/lib/WEACEToolkit
2009/12/08 16:08:15 - Activated log debug
2009/12/08 16:08:15 - > WEACEInstall.rb -d --install Master/Adapters/DummyProduct/DummyTool/DummyAdapter
2009/12/08 16:08:15 - Install repository: F:/RR/Source/weacemethod/svn/weacemethod/WEACEToolkit/config/Install
2009/12/08 16:08:15 - Config repository: F:/RR/Source/weacemethod/svn/weacemethod/WEACEToolkit/config/Config
2009/12/08 16:08:15 - Library directory: F:/RR/Source/weacemethod/svn/weacemethod/WEACEToolkit/lib/WEACEToolkit
2009/12/08 16:08:15 - === Install Component Master/Adapters/DummyProduct/DummyTool/DummyAdapter ([]) ...
2009/12/08 16:09:20 - Deactivated log debug
2009/12/08 16:09:20 - > WEACEInstall.rb -l
2009/12/08 16:09:20 - Install repository: F:/RR/Source/weacemethod/svn/weacemethod/WEACEToolkit/config/Install
2009/12/08 16:09:20 - Config repository: F:/RR/Source/weacemethod/svn/weacemethod/WEACEToolkit/config/Config
2009/12/08 16:09:20 - Library directory: F:/RR/Source/weacemethod/svn/weacemethod/WEACEToolkit/lib/WEACEToolkit
2009/12/08 16:09:20 - Activated log debug
2009/12/08 16:09:20 - > WEACEInstall.rb -d --install Master/Adapters/DummyProduct/DummyTool/DummyAdapter
2009/12/08 16:09:20 - Install repository: F:/RR/Source/weacemethod/svn/weacemethod/WEACEToolkit/config/Install
2009/12/08 16:09:20 - Config repository: F:/RR/Source/weacemethod/svn/weacemethod/WEACEToolkit/config/Config
2009/12/08 16:09:20 - Library directory: F:/RR/Source/weacemethod/svn/weacemethod/WEACEToolkit/lib/WEACEToolkit
2009/12/08 16:09:20 - === Install Component Master/Adapters/DummyProduct/DummyTool/DummyAdapter ([]) ...
2009/12/08 16:10:34 - Deactivated log debug
2009/12/08 16:10:34 - > WEACEInstall.rb -l
2009/12/08 16:10:34 - Install repository: F:/RR/Source/weacemethod/svn/weacemethod/WEACEToolkit/config/Install
2009/12/08 16:10:34 - Config repository: F:/RR/Source/weacemethod/svn/weacemethod/WEACEToolkit/config/Config
2009/12/08 16:10:34 - Library directory: F:/RR/Source/weacemethod/svn/weacemethod/WEACEToolkit/lib/WEACEToolkit
2009/12/08 16:10:34 - Activated log debug
2009/12/08 16:10:34 - > WEACEInstall.rb -d --install Master/Adapters/DummyProduct/DummyTool/DummyAdapter
2009/12/08 16:10:34 - Install repository: F:/RR/Source/weacemethod/svn/weacemethod/WEACEToolkit/config/Install
2009/12/08 16:10:34 - Config repository: F:/RR/Source/weacemethod/svn/weacemethod/WEACEToolkit/config/Config
2009/12/08 16:10:34 - Library directory: F:/RR/Source/weacemethod/svn/weacemethod/WEACEToolkit/lib/WEACEToolkit
2009/12/08 16:10:34 - === Install Component Master/Adapters/DummyProduct/DummyTool/DummyAdapter ([]) ...
2009/12/08 16:12:27 - Deactivated log debug
2009/12/08 16:12:27 - > WEACEInstall.rb -l
2009/12/08 16:12:28 - Install repository: F:/RR/Source/weacemethod/svn/weacemethod/WEACEToolkit/config/Install
2009/12/08 16:12:28 - Config repository: F:/RR/Source/weacemethod/svn/weacemethod/WEACEToolkit/config/Config
2009/12/08 16:12:28 - Library directory: F:/RR/Source/weacemethod/svn/weacemethod/WEACEToolkit/lib/WEACEToolkit
2009/12/08 16:12:28 - Activated log debug
2009/12/08 16:12:28 - > WEACEInstall.rb -d --install Master/Adapters/DummyProduct/DummyTool/DummyAdapter
2009/12/08 16:12:28 - Install repository: F:/RR/Source/weacemethod/svn/weacemethod/WEACEToolkit/config/Install
2009/12/08 16:12:28 - Config repository: F:/RR/Source/weacemethod/svn/weacemethod/WEACEToolkit/config/Config
2009/12/08 16:12:28 - Library directory: F:/RR/Source/weacemethod/svn/weacemethod/WEACEToolkit/lib/WEACEToolkit
2009/12/08 16:12:28 - === Install Component Master/Adapters/DummyProduct/DummyTool/DummyAdapter ([]) ...
2009/12/08 16:14:07 - Deactivated log debug
2009/12/08 16:14:07 - > WEACEInstall.rb -l
2009/12/08 16:14:07 - Install repository: F:/RR/Source/weacemethod/svn/weacemethod/WEACEToolkit/config/Install
2009/12/08 16:14:07 - Config repository: F:/RR/Source/weacemethod/svn/weacemethod/WEACEToolkit/config/Config
2009/12/08 16:14:07 - Library directory: F:/RR/Source/weacemethod/svn/weacemethod/WEACEToolkit/lib/WEACEToolkit
2009/12/08 16:14:07 - Activated log debug
2009/12/08 16:14:07 - > WEACEInstall.rb -d --install Master/Adapters/DummyProduct/DummyTool/DummyAdapter
2009/12/08 16:14:07 - Install repository: F:/RR/Source/weacemethod/svn/weacemethod/WEACEToolkit/config/Install
2009/12/08 16:14:07 - Config repository: F:/RR/Source/weacemethod/svn/weacemethod/WEACEToolkit/config/Config
2009/12/08 16:14:07 - Library directory: F:/RR/Source/weacemethod/svn/weacemethod/WEACEToolkit/lib/WEACEToolkit
2009/12/08 16:14:07 - === Install Component Master/Adapters/DummyProduct/DummyTool/DummyAdapter ([]) ...
2009/12/08 16:15:58 - Deactivated log debug
2009/12/08 16:15:58 - > WEACEInstall.rb -l
2009/12/08 16:15:58 - Install repository: F:/RR/Source/weacemethod/svn/weacemethod/WEACEToolkit/config/Install
2009/12/08 16:15:58 - Config repository: F:/RR/Source/weacemethod/svn/weacemethod/WEACEToolkit/config/Config
2009/12/08 16:15:58 - Library directory: F:/RR/Source/weacemethod/svn/weacemethod/WEACEToolkit/lib/WEACEToolkit
2009/12/08 16:15:59 - Activated log debug
2009/12/08 16:15:59 - > WEACEInstall.rb -d --install Master/Adapters/DummyProduct/DummyTool/DummyAdapter
2009/12/08 16:15:59 - Install repository: F:/RR/Source/weacemethod/svn/weacemethod/WEACEToolkit/config/Install
2009/12/08 16:15:59 - Config repository: F:/RR/Source/weacemethod/svn/weacemethod/WEACEToolkit/config/Config
2009/12/08 16:15:59 - Library directory: F:/RR/Source/weacemethod/svn/weacemethod/WEACEToolkit/lib/WEACEToolkit
2009/12/08 16:15:59 - === Install Component Master/Adapters/DummyProduct/DummyTool/DummyAdapter ([]) ...
2009/12/08 16:16:44 - Deactivated log debug
2009/12/08 16:16:44 - > WEACEInstall.rb -l
2009/12/08 16:16:44 - Install repository: F:/RR/Source/weacemethod/svn/weacemethod/WEACEToolkit/config/Install
2009/12/08 16:16:44 - Config repository: F:/RR/Source/weacemethod/svn/weacemethod/WEACEToolkit/config/Config
2009/12/08 16:16:44 - Library directory: F:/RR/Source/weacemethod/svn/weacemethod/WEACEToolkit/lib/WEACEToolkit
2009/12/08 16:16:45 - Activated log debug
2009/12/08 16:16:45 - > WEACEInstall.rb -d --install Master/Adapters/DummyProduct/DummyTool/DummyAdapter
2009/12/08 16:16:45 - Install repository: F:/RR/Source/weacemethod/svn/weacemethod/WEACEToolkit/config/Install
2009/12/08 16:16:45 - Config repository: F:/RR/Source/weacemethod/svn/weacemethod/WEACEToolkit/config/Config
2009/12/08 16:16:45 - Library directory: F:/RR/Source/weacemethod/svn/weacemethod/WEACEToolkit/lib/WEACEToolkit
2009/12/08 16:16:45 - === Install Component Master/Adapters/DummyProduct/DummyTool/DummyAdapter ([]) ...
2009/12/08 16:18:59 - Deactivated log debug
2009/12/08 16:18:59 - > WEACEInstall.rb -l
2009/12/08 16:18:59 - Install repository: F:/RR/Source/weacemethod/svn/weacemethod/WEACEToolkit/config/Install
2009/12/08 16:18:59 - Config repository: F:/RR/Source/weacemethod/svn/weacemethod/WEACEToolkit/config/Config
2009/12/08 16:18:59 - Library directory: F:/RR/Source/weacemethod/svn/weacemethod/WEACEToolkit/lib/WEACEToolkit
2009/12/08 16:18:59 - Activated log debug
2009/12/08 16:18:59 - > WEACEInstall.rb -d --install Master/Adapters/DummyProduct/DummyTool/DummyAdapter
2009/12/08 16:18:59 - Install repository: F:/RR/Source/weacemethod/svn/weacemethod/WEACEToolkit/config/Install
2009/12/08 16:18:59 - Config repository: F:/RR/Source/weacemethod/svn/weacemethod/WEACEToolkit/config/Config
2009/12/08 16:18:59 - Library directory: F:/RR/Source/weacemethod/svn/weacemethod/WEACEToolkit/lib/WEACEToolkit
2009/12/08 16:18:59 - === Install Component Master/Adapters/DummyProduct/DummyTool/DummyAdapter ([]) ...
2009/12/08 16:19:33 - Deactivated log debug
2009/12/08 16:19:33 - > WEACEInstall.rb -l
2009/12/08 16:19:33 - Install repository: F:/RR/Source/weacemethod/svn/weacemethod/WEACEToolkit/config/Install
2009/12/08 16:19:33 - Config repository: F:/RR/Source/weacemethod/svn/weacemethod/WEACEToolkit/config/Config
2009/12/08 16:19:33 - Library directory: F:/RR/Source/weacemethod/svn/weacemethod/WEACEToolkit/lib/WEACEToolkit
2009/12/08 16:19:34 - Activated log debug
2009/12/08 16:19:34 - > WEACEInstall.rb -d --install Master/Adapters/DummyProduct/DummyTool/DummyAdapter
2009/12/08 16:19:34 - Install repository: F:/RR/Source/weacemethod/svn/weacemethod/WEACEToolkit/config/Install
2009/12/08 16:19:34 - Config repository: F:/RR/Source/weacemethod/svn/weacemethod/WEACEToolkit/config/Config
2009/12/08 16:19:34 - Library directory: F:/RR/Source/weacemethod/svn/weacemethod/WEACEToolkit/lib/WEACEToolkit
2009/12/08 16:19:34 - === Install Component Master/Adapters/DummyProduct/DummyTool/DummyAdapter ([]) ...
2009/12/08 16:22:36 - Deactivated log debug
2009/12/08 16:22:36 - > WEACEInstall.rb -l
2009/12/08 16:22:36 - Install repository: F:/RR/Source/weacemethod/svn/weacemethod/WEACEToolkit/config/Install
2009/12/08 16:22:36 - Config repository: F:/RR/Source/weacemethod/svn/weacemethod/WEACEToolkit/config/Config
2009/12/08 16:22:36 - Library directory: F:/RR/Source/weacemethod/svn/weacemethod/WEACEToolkit/lib/WEACEToolkit
2009/12/08 16:22:37 - Activated log debug
2009/12/08 16:22:37 - > WEACEInstall.rb -d --install Master/Adapters/DummyProduct/DummyTool/DummyAdapter
2009/12/08 16:22:37 - Install repository: F:/RR/Source/weacemethod/svn/weacemethod/WEACEToolkit/config/Install
2009/12/08 16:22:37 - Config repository: F:/RR/Source/weacemethod/svn/weacemethod/WEACEToolkit/config/Config
2009/12/08 16:22:37 - Library directory: F:/RR/Source/weacemethod/svn/weacemethod/WEACEToolkit/lib/WEACEToolkit
2009/12/08 16:22:37 - === Install Component Master/Adapters/DummyProduct/DummyTool/DummyAdapter ([]) ...
